[     431ms] [ERROR] Failed to load resource: net::ERR_BLOCKED_BY_CLIENT @ https://static.cloudflareinsights.com/beacon.min.js/v833ccba57c9e4d2798f2e76cebdd09a11778172276447:0
[     693ms] [INFO] [CtrlEm DB] DB state loaded {links: Object, text: Object, image: Object, sound: Object, video: Object} @ chrome-extension://liilgpjgabokdklappibcjfablkpcekh/CtrlEm%20DB%20by%20Strateg.user.js:2774
[     693ms] [INFO] [CtrlEm DB] Script started {href: https://ctrlem.com/u/KPD0M, summary: Object} @ chrome-extension://liilgpjgabokdklappibcjfablkpcekh/CtrlEm%20DB%20by%20Strateg.user.js:2774
[     697ms] [INFO] [CtrlEm DB] DB button mounted {selector: .panel--commands .panel-head} @ chrome-extension://liilgpjgabokdklappibcjfablkpcekh/CtrlEm%20DB%20by%20Strateg.user.js:2774
[     699ms] [INFO] [CtrlEm DB] Text picker mounted {command: openPage, type: links, selector: #val-openPage, summary: Object} @ chrome-extension://liilgpjgabokdklappibcjfablkpcekh/CtrlEm%20DB%20by%20Strateg.user.js:2774
[     700ms] [INFO] [CtrlEm DB] Text picker mounted {command: sendMessage, type: text, selector: #val-sendMessage, summary: Object} @ chrome-extension://liilgpjgabokdklappibcjfablkpcekh/CtrlEm%20DB%20by%20Strateg.user.js:2774
[     700ms] [INFO] [CtrlEm DB] Text picker mounted {command: writeForMe, type: text, selector: #val-writeForMe-text, summary: Object} @ chrome-extension://liilgpjgabokdklappibcjfablkpcekh/CtrlEm%20DB%20by%20Strateg.user.js:2774
[     701ms] [INFO] [CtrlEm DB] Text picker mounted {command: videoOverlay, type: video, selector: #val-videoOverlay, summary: Object} @ chrome-extension://liilgpjgabokdklappibcjfablkpcekh/CtrlEm%20DB%20by%20Strateg.user.js:2774
[     702ms] [INFO] [CtrlEm DB] Text picker mounted {command: popupSound, type: sound, selector: #val-popupSound, summary: Object} @ chrome-extension://liilgpjgabokdklappibcjfablkpcekh/CtrlEm%20DB%20by%20Strateg.user.js:2774
[     702ms] [INFO] [CtrlEm DB] Site media UI hidden {command: popupImage, count: 1} @ chrome-extension://liilgpjgabokdklappibcjfablkpcekh/CtrlEm%20DB%20by%20Strateg.user.js:2774
[     705ms] [INFO] [CtrlEm DB] Site media UI hidden {command: changeWallpaper, count: 1} @ chrome-extension://liilgpjgabokdklappibcjfablkpcekh/CtrlEm%20DB%20by%20Strateg.user.js:2774
[     707ms] [INFO] [CtrlEm DB] Upload panel mounted {command: popupImage, tools: Array(2), native: true} @ chrome-extension://liilgpjgabokdklappibcjfablkpcekh/CtrlEm%20DB%20by%20Strateg.user.js:2774
[     708ms] [INFO] [CtrlEm DB] Upload panel mounted {command: changeWallpaper, tools: Array(2), native: true} @ chrome-extension://liilgpjgabokdklappibcjfablkpcekh/CtrlEm%20DB%20by%20Strateg.user.js:2774
[     709ms] [INFO] [CtrlEm DB] Upload panel mounted {command: popupSound, tools: Array(1), native: true} @ chrome-extension://liilgpjgabokdklappibcjfablkpcekh/CtrlEm%20DB%20by%20Strateg.user.js:2774
[     709ms] [INFO] [CtrlEm DB] Upload panel mounted {command: videoOverlay, tools: Array(2), native: false} @ chrome-extension://liilgpjgabokdklappibcjfablkpcekh/CtrlEm%20DB%20by%20Strateg.user.js:2774
[     711ms] [INFO] [CtrlEm DB] Auto-send controls mounted @ chrome-extension://liilgpjgabokdklappibcjfablkpcekh/CtrlEm%20DB%20by%20Strateg.user.js:2771
[     839ms] [INFO] [CtrlEm DB] Default fallback {command: popupImage} @ chrome-extension://liilgpjgabokdklappibcjfablkpcekh/CtrlEm%20DB%20by%20Strateg.user.js:2774
[     839ms] [INFO] [CtrlEm DB] Default fallback {command: changeWallpaper} @ chrome-extension://liilgpjgabokdklappibcjfablkpcekh/CtrlEm%20DB%20by%20Strateg.user.js:2774
[     841ms] [INFO] [CtrlEm DB] Media picker mounted {command: popupImage, type: image, categories: 19, items: 178} @ chrome-extension://liilgpjgabokdklappibcjfablkpcekh/CtrlEm%20DB%20by%20Strateg.user.js:2774
[     843ms] [INFO] [CtrlEm DB] Media picker mounted {command: changeWallpaper, type: image, categories: 19, items: 178} @ chrome-extension://liilgpjgabokdklappibcjfablkpcekh/CtrlEm%20DB%20by%20Strateg.user.js:2774
[     843ms] [INFO] Images loaded lazily and replaced with placeholders. Load events are deferred. See https://go.microsoft.com/fwlink/?linkid=2048113 @ https://ctrlem.com/u/KPD0M:0
[   28892ms] [ERROR] Denying load of chrome-extension://liilgpjgabokdklappibcjfablkpcekh/CtrlEm%20DB%20by%20Strateg.user.js. Resources must be listed in the web_accessible_resources manifest key in order to be loaded by pages outside the extension. @ https://ctrlem.com/u/KPD0M:0
[   28895ms] [ERROR] Failed to load resource: net::ERR_FAILED @ chrome-extension://invalid/:0
[   65234ms] [ERROR] Failed to load resource: net::ERR_BLOCKED_BY_CLIENT @ https://static.cloudflareinsights.com/beacon.min.js/v833ccba57c9e4d2798f2e76cebdd09a11778172276447:0
[   65286ms] [INFO] [CtrlEm DB] DB state loaded {links: Object, text: Object, image: Object, sound: Object, video: Object} @ chrome-extension://liilgpjgabokdklappibcjfablkpcekh/CtrlEm%20DB%20by%20Strateg.user.js:2809
[   65286ms] [INFO] [CtrlEm DB] Script started {href: https://ctrlem.com/u/KPD0M, summary: Object} @ chrome-extension://liilgpjgabokdklappibcjfablkpcekh/CtrlEm%20DB%20by%20Strateg.user.js:2809
[   65289ms] [INFO] [CtrlEm DB] DB button mounted {selector: .panel--commands .panel-head} @ chrome-extension://liilgpjgabokdklappibcjfablkpcekh/CtrlEm%20DB%20by%20Strateg.user.js:2809
[   65291ms] [INFO] [CtrlEm DB] Text picker mounted {command: openPage, type: links, selector: #val-openPage, summary: Object} @ chrome-extension://liilgpjgabokdklappibcjfablkpcekh/CtrlEm%20DB%20by%20Strateg.user.js:2809
[   65291ms] [INFO] [CtrlEm DB] Text picker mounted {command: sendMessage, type: text, selector: #val-sendMessage, summary: Object} @ chrome-extension://liilgpjgabokdklappibcjfablkpcekh/CtrlEm%20DB%20by%20Strateg.user.js:2809
[   65292ms] [INFO] [CtrlEm DB] Text picker mounted {command: writeForMe, type: text, selector: #val-writeForMe-text, summary: Object} @ chrome-extension://liilgpjgabokdklappibcjfablkpcekh/CtrlEm%20DB%20by%20Strateg.user.js:2809
[   65293ms] [INFO] [CtrlEm DB] Text picker mounted {command: videoOverlay, type: video, selector: #val-videoOverlay, summary: Object} @ chrome-extension://liilgpjgabokdklappibcjfablkpcekh/CtrlEm%20DB%20by%20Strateg.user.js:2809
[   65293ms] [INFO] [CtrlEm DB] Text picker mounted {command: popupSound, type: sound, selector: #val-popupSound, summary: Object} @ chrome-extension://liilgpjgabokdklappibcjfablkpcekh/CtrlEm%20DB%20by%20Strateg.user.js:2809
[   65294ms] [INFO] [CtrlEm DB] Site media UI hidden {command: popupImage, count: 1} @ chrome-extension://liilgpjgabokdklappibcjfablkpcekh/CtrlEm%20DB%20by%20Strateg.user.js:2809
[   65296ms] [INFO] [CtrlEm DB] Site media UI hidden {command: changeWallpaper, count: 1} @ chrome-extension://liilgpjgabokdklappibcjfablkpcekh/CtrlEm%20DB%20by%20Strateg.user.js:2809
[   65298ms] [INFO] [CtrlEm DB] Upload panel mounted {command: popupImage, tools: Array(2), native: true} @ chrome-extension://liilgpjgabokdklappibcjfablkpcekh/CtrlEm%20DB%20by%20Strateg.user.js:2809
[   65299ms] [INFO] [CtrlEm DB] Upload panel mounted {command: changeWallpaper, tools: Array(2), native: true} @ chrome-extension://liilgpjgabokdklappibcjfablkpcekh/CtrlEm%20DB%20by%20Strateg.user.js:2809
[   65299ms] [INFO] [CtrlEm DB] Upload panel mounted {command: popupSound, tools: Array(1), native: true} @ chrome-extension://liilgpjgabokdklappibcjfablkpcekh/CtrlEm%20DB%20by%20Strateg.user.js:2809
[   65300ms] [INFO] [CtrlEm DB] Upload panel mounted {command: videoOverlay, tools: Array(2), native: false} @ chrome-extension://liilgpjgabokdklappibcjfablkpcekh/CtrlEm%20DB%20by%20Strateg.user.js:2809
[   65302ms] [INFO] [CtrlEm DB] Auto-send controls mounted @ chrome-extension://liilgpjgabokdklappibcjfablkpcekh/CtrlEm%20DB%20by%20Strateg.user.js:2806
[   65475ms] [INFO] [CtrlEm DB] Default fallback {command: popupImage} @ chrome-extension://liilgpjgabokdklappibcjfablkpcekh/CtrlEm%20DB%20by%20Strateg.user.js:2809
[   65475ms] [INFO] [CtrlEm DB] Default fallback {command: changeWallpaper} @ chrome-extension://liilgpjgabokdklappibcjfablkpcekh/CtrlEm%20DB%20by%20Strateg.user.js:2809
[   65478ms] [INFO] [CtrlEm DB] Media picker mounted {command: popupImage, type: image, categories: 19, items: 178} @ chrome-extension://liilgpjgabokdklappibcjfablkpcekh/CtrlEm%20DB%20by%20Strateg.user.js:2809
[   65480ms] [INFO] [CtrlEm DB] Media picker mounted {command: changeWallpaper, type: image, categories: 19, items: 178} @ chrome-extension://liilgpjgabokdklappibcjfablkpcekh/CtrlEm%20DB%20by%20Strateg.user.js:2809
[   65480ms] [INFO] Images loaded lazily and replaced with placeholders. Load events are deferred. See https://go.microsoft.com/fwlink/?linkid=2048113 @ https://ctrlem.com/u/KPD0M:0
[   67728ms] [INFO] [CtrlEm DB] Text item selected {command: sendMessage, type: text, category: Hello, length: 23} @ chrome-extension://liilgpjgabokdklappibcjfablkpcekh/CtrlEm%20DB%20by%20Strateg.user.js:2809
[   68048ms] [INFO] [CtrlEm DB] Text item selected {command: sendMessage, type: text, category: Hello, length: 31} @ chrome-extension://liilgpjgabokdklappibcjfablkpcekh/CtrlEm%20DB%20by%20Strateg.user.js:2809
[   68560ms] [INFO] [CtrlEm DB] Text item selected {command: sendMessage, type: text, category: Hello, length: 31} @ chrome-extension://liilgpjgabokdklappibcjfablkpcekh/CtrlEm%20DB%20by%20Strateg.user.js:2809
[   68567ms] [INFO] [CtrlEm DB] Auto-send queued {command: sendMessage, type: text, category: Hello, pageCode: KPD0M, items: 6} @ chrome-extension://liilgpjgabokdklappibcjfablkpcekh/CtrlEm%20DB%20by%20Strateg.user.js:2809
[   68571ms] [INFO] [CtrlEm DB] Text item selected {command: sendMessage, type: text, category: Hello, length: 31} @ chrome-extension://liilgpjgabokdklappibcjfablkpcekh/CtrlEm%20DB%20by%20Strateg.user.js:2809
[   68572ms] [INFO] [CtrlEm DB] Text item selected {command: sendMessage, type: text, category: Hello, length: 31} @ chrome-extension://liilgpjgabokdklappibcjfablkpcekh/CtrlEm%20DB%20by%20Strateg.user.js:2809
[   68725ms] [INFO] [CtrlEm DB] Auto-send task confirmed by site feedback {command: sendMessage, kind: auto, receiverKey: https://ctrlem.com/u/KPD0M} @ chrome-extension://liilgpjgabokdklappibcjfablkpcekh/CtrlEm%20DB%20by%20Strateg.user.js:2809
[   71686ms] [INFO] [CtrlEm DB] Text item selected {command: sendMessage, type: text, category: Hello, length: 23} @ chrome-extension://liilgpjgabokdklappibcjfablkpcekh/CtrlEm%20DB%20by%20Strateg.user.js:2809
[   71694ms] [WARNING] [CtrlEm DB] Auto-send rate limited; task will retry {command: sendMessage, kind: auto, receiverKey: https://ctrlem.com/u/KPD0M, retryInMs: 6000} @ chrome-extension://liilgpjgabokdklappibcjfablkpcekh/CtrlEm%20DB%20by%20Strateg.user.js:2809
[   78036ms] [INFO] [CtrlEm DB] Auto-send task confirmed by site feedback {command: sendMessage, kind: manual, receiverKey: https://ctrlem.com/u/KPD0M} @ chrome-extension://liilgpjgabokdklappibcjfablkpcekh/CtrlEm%20DB%20by%20Strateg.user.js:2809
[   81229ms] [INFO] [CtrlEm DB] Auto-send task confirmed by site feedback {command: sendMessage, kind: manual, receiverKey: https://ctrlem.com/u/KPD0M} @ chrome-extension://liilgpjgabokdklappibcjfablkpcekh/CtrlEm%20DB%20by%20Strateg.user.js:2809
[   84426ms] [INFO] [CtrlEm DB] Auto-send task confirmed by site feedback {command: sendMessage, kind: manual, receiverKey: https://ctrlem.com/u/KPD0M} @ chrome-extension://liilgpjgabokdklappibcjfablkpcekh/CtrlEm%20DB%20by%20Strateg.user.js:2809
[   87486ms] [INFO] [CtrlEm DB] Text item selected {command: sendMessage, type: text, category: Hello, length: 23} @ chrome-extension://liilgpjgabokdklappibcjfablkpcekh/CtrlEm%20DB%20by%20Strateg.user.js:2809
[   87634ms] [INFO] [CtrlEm DB] Auto-send task confirmed by site feedback {command: sendMessage, kind: auto, receiverKey: https://ctrlem.com/u/KPD0M} @ chrome-extension://liilgpjgabokdklappibcjfablkpcekh/CtrlEm%20DB%20by%20Strateg.user.js:2809
[   89758ms] [INFO] [CtrlEm DB] Auto-send stopped {command: sendMessage, reason: stopped} @ chrome-extension://liilgpjgabokdklappibcjfablkpcekh/CtrlEm%20DB%20by%20Strateg.user.js:2809
[ 1770485ms] [ERROR] Failed to load resource: net::ERR_BLOCKED_BY_CLIENT @ https://static.cloudflareinsights.com/beacon.min.js/v833ccba57c9e4d2798f2e76cebdd09a11778172276447:0
[ 1770574ms] [INFO] [CtrlEm DB] DB state loaded {links: Object, text: Object, image: Object, sound: Object, video: Object} @ chrome-extension://liilgpjgabokdklappibcjfablkpcekh/CtrlEm%20DB%20by%20Strateg.user.js:2841
[ 1770574ms] [INFO] [CtrlEm DB] Script started {href: https://ctrlem.com/u/KPD0M, summary: Object} @ chrome-extension://liilgpjgabokdklappibcjfablkpcekh/CtrlEm%20DB%20by%20Strateg.user.js:2841
[ 1770577ms] [INFO] [CtrlEm DB] DB button mounted {selector: .panel--commands .panel-head} @ chrome-extension://liilgpjgabokdklappibcjfablkpcekh/CtrlEm%20DB%20by%20Strateg.user.js:2841
[ 1770579ms] [INFO] [CtrlEm DB] Text picker mounted {command: openPage, type: links, selector: #val-openPage, summary: Object} @ chrome-extension://liilgpjgabokdklappibcjfablkpcekh/CtrlEm%20DB%20by%20Strateg.user.js:2841
[ 1770580ms] [INFO] [CtrlEm DB] Text picker mounted {command: sendMessage, type: text, selector: #val-sendMessage, summary: Object} @ chrome-extension://liilgpjgabokdklappibcjfablkpcekh/CtrlEm%20DB%20by%20Strateg.user.js:2841
[ 1770580ms] [INFO] [CtrlEm DB] Text picker mounted {command: writeForMe, type: text, selector: #val-writeForMe-text, summary: Object} @ chrome-extension://liilgpjgabokdklappibcjfablkpcekh/CtrlEm%20DB%20by%20Strateg.user.js:2841
[ 1770581ms] [INFO] [CtrlEm DB] Text picker mounted {command: videoOverlay, type: video, selector: #val-videoOverlay, summary: Object} @ chrome-extension://liilgpjgabokdklappibcjfablkpcekh/CtrlEm%20DB%20by%20Strateg.user.js:2841
[ 1770581ms] [INFO] [CtrlEm DB] Text picker mounted {command: popupSound, type: sound, selector: #val-popupSound, summary: Object} @ chrome-extension://liilgpjgabokdklappibcjfablkpcekh/CtrlEm%20DB%20by%20Strateg.user.js:2841
[ 1770582ms] [INFO] [CtrlEm DB] Site media UI hidden {command: popupImage, count: 1} @ chrome-extension://liilgpjgabokdklappibcjfablkpcekh/CtrlEm%20DB%20by%20Strateg.user.js:2841
[ 1770584ms] [INFO] [CtrlEm DB] Site media UI hidden {command: changeWallpaper, count: 1} @ chrome-extension://liilgpjgabokdklappibcjfablkpcekh/CtrlEm%20DB%20by%20Strateg.user.js:2841
[ 1770587ms] [INFO] [CtrlEm DB] Upload panel mounted {command: popupImage, tools: Array(2), native: true} @ chrome-extension://liilgpjgabokdklappibcjfablkpcekh/CtrlEm%20DB%20by%20Strateg.user.js:2841
[ 1770587ms] [INFO] [CtrlEm DB] Upload panel mounted {command: changeWallpaper, tools: Array(2), native: true} @ chrome-extension://liilgpjgabokdklappibcjfablkpcekh/CtrlEm%20DB%20by%20Strateg.user.js:2841
[ 1770588ms] [INFO] [CtrlEm DB] Upload panel mounted {command: popupSound, tools: Array(1), native: true} @ chrome-extension://liilgpjgabokdklappibcjfablkpcekh/CtrlEm%20DB%20by%20Strateg.user.js:2841
[ 1770589ms] [INFO] [CtrlEm DB] Upload panel mounted {command: videoOverlay, tools: Array(2), native: false} @ chrome-extension://liilgpjgabokdklappibcjfablkpcekh/CtrlEm%20DB%20by%20Strateg.user.js:2841
[ 1770590ms] [INFO] [CtrlEm DB] Auto-send controls mounted @ chrome-extension://liilgpjgabokdklappibcjfablkpcekh/CtrlEm%20DB%20by%20Strateg.user.js:2838
