[     509ms] [ERROR] Failed to load resource: net::ERR_BLOCKED_BY_CLIENT @ https://static.cloudflareinsights.com/beacon.min.js/v833ccba57c9e4d2798f2e76cebdd09a11778172276447:0
[     724ms] [INFO] [CtrlEm DB] DB state loaded {links: Object, text: Object, image: Object, sound: Object, video: Object} @ chrome-extension://liilgpjgabokdklappibcjfablkpcekh/CtrlEm%20DB%20by%20Strateg.user.js:2686
[     725ms] [INFO] [CtrlEm DB] Script started {href: https://ctrlem.com/u/KPD0M, summary: Object} @ chrome-extension://liilgpjgabokdklappibcjfablkpcekh/CtrlEm%20DB%20by%20Strateg.user.js:2686
[     732ms] [INFO] [CtrlEm DB] DB button mounted {selector: .panel--commands .panel-head} @ chrome-extension://liilgpjgabokdklappibcjfablkpcekh/CtrlEm%20DB%20by%20Strateg.user.js:2686
[     735ms] [INFO] [CtrlEm DB] Text picker mounted {command: openPage, type: links, selector: #val-openPage, summary: Object} @ chrome-extension://liilgpjgabokdklappibcjfablkpcekh/CtrlEm%20DB%20by%20Strateg.user.js:2686
[     737ms] [INFO] [CtrlEm DB] Text picker mounted {command: sendMessage, type: text, selector: #val-sendMessage, summary: Object} @ chrome-extension://liilgpjgabokdklappibcjfablkpcekh/CtrlEm%20DB%20by%20Strateg.user.js:2686
[     738ms] [INFO] [CtrlEm DB] Text picker mounted {command: writeForMe, type: text, selector: #val-writeForMe-text, summary: Object} @ chrome-extension://liilgpjgabokdklappibcjfablkpcekh/CtrlEm%20DB%20by%20Strateg.user.js:2686
[     740ms] [INFO] [CtrlEm DB] Text picker mounted {command: videoOverlay, type: video, selector: #val-videoOverlay, summary: Object} @ chrome-extension://liilgpjgabokdklappibcjfablkpcekh/CtrlEm%20DB%20by%20Strateg.user.js:2686
[     741ms] [INFO] [CtrlEm DB] Text picker mounted {command: popupSound, type: sound, selector: #val-popupSound, summary: Object} @ chrome-extension://liilgpjgabokdklappibcjfablkpcekh/CtrlEm%20DB%20by%20Strateg.user.js:2686
[     741ms] [INFO] [CtrlEm DB] Site media UI hidden {command: popupImage, count: 1} @ chrome-extension://liilgpjgabokdklappibcjfablkpcekh/CtrlEm%20DB%20by%20Strateg.user.js:2686
[     747ms] [INFO] [CtrlEm DB] Site media UI hidden {command: changeWallpaper, count: 1} @ chrome-extension://liilgpjgabokdklappibcjfablkpcekh/CtrlEm%20DB%20by%20Strateg.user.js:2686
[     754ms] [INFO] [CtrlEm DB] Upload panel mounted {command: popupImage, tools: Array(2), native: true} @ chrome-extension://liilgpjgabokdklappibcjfablkpcekh/CtrlEm%20DB%20by%20Strateg.user.js:2686
[     756ms] [INFO] [CtrlEm DB] Upload panel mounted {command: changeWallpaper, tools: Array(2), native: true} @ chrome-extension://liilgpjgabokdklappibcjfablkpcekh/CtrlEm%20DB%20by%20Strateg.user.js:2686
[     757ms] [INFO] [CtrlEm DB] Upload panel mounted {command: popupSound, tools: Array(1), native: true} @ chrome-extension://liilgpjgabokdklappibcjfablkpcekh/CtrlEm%20DB%20by%20Strateg.user.js:2686
[     758ms] [INFO] [CtrlEm DB] Upload panel mounted {command: videoOverlay, tools: Array(2), native: false} @ chrome-extension://liilgpjgabokdklappibcjfablkpcekh/CtrlEm%20DB%20by%20Strateg.user.js:2686
[     763ms] [INFO] [CtrlEm DB] Auto-send controls mounted @ chrome-extension://liilgpjgabokdklappibcjfablkpcekh/CtrlEm%20DB%20by%20Strateg.user.js:2683
[     960ms] [INFO] [CtrlEm DB] Default fallback {command: popupImage} @ chrome-extension://liilgpjgabokdklappibcjfablkpcekh/CtrlEm%20DB%20by%20Strateg.user.js:2686
[     960ms] [INFO] [CtrlEm DB] Default fallback {command: changeWallpaper} @ chrome-extension://liilgpjgabokdklappibcjfablkpcekh/CtrlEm%20DB%20by%20Strateg.user.js:2686
[     966ms] [INFO] [CtrlEm DB] Media picker mounted {command: popupImage, type: image, categories: 19, items: 178} @ chrome-extension://liilgpjgabokdklappibcjfablkpcekh/CtrlEm%20DB%20by%20Strateg.user.js:2686
[     969ms] [INFO] [CtrlEm DB] Media picker mounted {command: changeWallpaper, type: image, categories: 19, items: 178} @ chrome-extension://liilgpjgabokdklappibcjfablkpcekh/CtrlEm%20DB%20by%20Strateg.user.js:2686
[     969ms] [INFO] Images loaded lazily and replaced with placeholders. Load events are deferred. See https://go.microsoft.com/fwlink/?linkid=2048113 @ https://ctrlem.com/u/KPD0M:0
[  734573ms] [ERROR] Failed to load resource: net::ERR_BLOCKED_BY_CLIENT @ https://static.cloudflareinsights.com/beacon.min.js/v833ccba57c9e4d2798f2e76cebdd09a11778172276447:0
[  734629ms] [INFO] [CtrlEm DB] DB state loaded {links: Object, text: Object, image: Object, sound: Object, video: Object} @ chrome-extension://liilgpjgabokdklappibcjfablkpcekh/CtrlEm%20DB%20by%20Strateg.user.js:2686
[  734629ms] [INFO] [CtrlEm DB] Script started {href: https://ctrlem.com/u/KPD0M, summary: Object} @ chrome-extension://liilgpjgabokdklappibcjfablkpcekh/CtrlEm%20DB%20by%20Strateg.user.js:2686
[  734632ms] [INFO] [CtrlEm DB] DB button mounted {selector: .panel--commands .panel-head} @ chrome-extension://liilgpjgabokdklappibcjfablkpcekh/CtrlEm%20DB%20by%20Strateg.user.js:2686
[  734634ms] [INFO] [CtrlEm DB] Text picker mounted {command: openPage, type: links, selector: #val-openPage, summary: Object} @ chrome-extension://liilgpjgabokdklappibcjfablkpcekh/CtrlEm%20DB%20by%20Strateg.user.js:2686
[  734634ms] [INFO] [CtrlEm DB] Text picker mounted {command: sendMessage, type: text, selector: #val-sendMessage, summary: Object} @ chrome-extension://liilgpjgabokdklappibcjfablkpcekh/CtrlEm%20DB%20by%20Strateg.user.js:2686
[  734635ms] [INFO] [CtrlEm DB] Text picker mounted {command: writeForMe, type: text, selector: #val-writeForMe-text, summary: Object} @ chrome-extension://liilgpjgabokdklappibcjfablkpcekh/CtrlEm%20DB%20by%20Strateg.user.js:2686
[  734636ms] [INFO] [CtrlEm DB] Text picker mounted {command: videoOverlay, type: video, selector: #val-videoOverlay, summary: Object} @ chrome-extension://liilgpjgabokdklappibcjfablkpcekh/CtrlEm%20DB%20by%20Strateg.user.js:2686
[  734636ms] [INFO] [CtrlEm DB] Text picker mounted {command: popupSound, type: sound, selector: #val-popupSound, summary: Object} @ chrome-extension://liilgpjgabokdklappibcjfablkpcekh/CtrlEm%20DB%20by%20Strateg.user.js:2686
[  734637ms] [INFO] [CtrlEm DB] Site media UI hidden {command: popupImage, count: 1} @ chrome-extension://liilgpjgabokdklappibcjfablkpcekh/CtrlEm%20DB%20by%20Strateg.user.js:2686
[  734639ms] [INFO] [CtrlEm DB] Site media UI hidden {command: changeWallpaper, count: 1} @ chrome-extension://liilgpjgabokdklappibcjfablkpcekh/CtrlEm%20DB%20by%20Strateg.user.js:2686
[  734642ms] [INFO] [CtrlEm DB] Upload panel mounted {command: popupImage, tools: Array(2), native: true} @ chrome-extension://liilgpjgabokdklappibcjfablkpcekh/CtrlEm%20DB%20by%20Strateg.user.js:2686
[  734642ms] [INFO] [CtrlEm DB] Upload panel mounted {command: changeWallpaper, tools: Array(2), native: true} @ chrome-extension://liilgpjgabokdklappibcjfablkpcekh/CtrlEm%20DB%20by%20Strateg.user.js:2686
[  734643ms] [INFO] [CtrlEm DB] Upload panel mounted {command: popupSound, tools: Array(1), native: true} @ chrome-extension://liilgpjgabokdklappibcjfablkpcekh/CtrlEm%20DB%20by%20Strateg.user.js:2686
[  734643ms] [INFO] [CtrlEm DB] Upload panel mounted {command: videoOverlay, tools: Array(2), native: false} @ chrome-extension://liilgpjgabokdklappibcjfablkpcekh/CtrlEm%20DB%20by%20Strateg.user.js:2686
[  734645ms] [INFO] [CtrlEm DB] Auto-send controls mounted @ chrome-extension://liilgpjgabokdklappibcjfablkpcekh/CtrlEm%20DB%20by%20Strateg.user.js:2683
[  734771ms] [INFO] [CtrlEm DB] Default fallback {command: popupImage} @ chrome-extension://liilgpjgabokdklappibcjfablkpcekh/CtrlEm%20DB%20by%20Strateg.user.js:2686
[  734771ms] [INFO] [CtrlEm DB] Default fallback {command: changeWallpaper} @ chrome-extension://liilgpjgabokdklappibcjfablkpcekh/CtrlEm%20DB%20by%20Strateg.user.js:2686
[  734774ms] [INFO] [CtrlEm DB] Media picker mounted {command: popupImage, type: image, categories: 19, items: 178} @ chrome-extension://liilgpjgabokdklappibcjfablkpcekh/CtrlEm%20DB%20by%20Strateg.user.js:2686
[  734776ms] [INFO] [CtrlEm DB] Media picker mounted {command: changeWallpaper, type: image, categories: 19, items: 178} @ chrome-extension://liilgpjgabokdklappibcjfablkpcekh/CtrlEm%20DB%20by%20Strateg.user.js:2686
[  734776ms] [INFO] Images loaded lazily and replaced with placeholders. Load events are deferred. See https://go.microsoft.com/fwlink/?linkid=2048113 @ https://ctrlem.com/u/KPD0M:0
[  735907ms] [INFO] [CtrlEm DB] DB manager opened @ chrome-extension://liilgpjgabokdklappibcjfablkpcekh/CtrlEm%20DB%20by%20Strateg.user.js:2683
[  736013ms] [VERBOSE] [DOM] Password field is not contained in a form: (More info: https://www.chromium.org/developers/design-documents/create-amazing-password-forms) %o @ https://ctrlem.com/u/KPD0M:0
[  736014ms] [VERBOSE] [DOM] Password field is not contained in a form: (More info: https://www.chromium.org/developers/design-documents/create-amazing-password-forms) %o @ https://ctrlem.com/u/KPD0M:0
[  739791ms] [ERROR] Failed to load resource: net::ERR_BLOCKED_BY_CLIENT @ https://static.cloudflareinsights.com/beacon.min.js/v833ccba57c9e4d2798f2e76cebdd09a11778172276447:0
