[  249724ms] [INFO] [CtrlEm DB] Image previews toggled {category: Girls 2D, enabled: false} @ chrome-extension://eeagobfjdenkkddmbclomhiblgggliao/CtrlEm%20DB%20by%20Strateg.user.js#3:2280
[  249725ms] [INFO] [CtrlEm DB] DB state saved {reason: image previews toggled, summary: Object} @ chrome-extension://eeagobfjdenkkddmbclomhiblgggliao/CtrlEm%20DB%20by%20Strateg.user.js#3:2280
[  249726ms] [INFO] [CtrlEm DB] Text picker mounted {command: openPage, type: links, selector: #val-openPage, summary: Object} @ chrome-extension://eeagobfjdenkkddmbclomhiblgggliao/CtrlEm%20DB%20by%20Strateg.user.js#3:2280
[  249726ms] [INFO] [CtrlEm DB] Text picker mounted {command: sendMessage, type: text, selector: #val-sendMessage, summary: Object} @ chrome-extension://eeagobfjdenkkddmbclomhiblgggliao/CtrlEm%20DB%20by%20Strateg.user.js#3:2280
[  249727ms] [INFO] [CtrlEm DB] Text picker mounted {command: writeForMe, type: text, selector: #val-writeForMe-text, summary: Object} @ chrome-extension://eeagobfjdenkkddmbclomhiblgggliao/CtrlEm%20DB%20by%20Strateg.user.js#3:2280
[  249727ms] [INFO] [CtrlEm DB] Text picker mounted {command: videoOverlay, type: video, selector: #val-videoOverlay, summary: Object} @ chrome-extension://eeagobfjdenkkddmbclomhiblgggliao/CtrlEm%20DB%20by%20Strateg.user.js#3:2280
[  249728ms] [INFO] [CtrlEm DB] Text picker mounted {command: popupSound, type: sound, selector: #val-popupSound, summary: Object} @ chrome-extension://eeagobfjdenkkddmbclomhiblgggliao/CtrlEm%20DB%20by%20Strateg.user.js#3:2280
[  249731ms] [INFO] [CtrlEm DB] Default fallback {command: popupImage} @ chrome-extension://eeagobfjdenkkddmbclomhiblgggliao/CtrlEm%20DB%20by%20Strateg.user.js#3:2280
[  249732ms] [INFO] [CtrlEm DB] Default fallback {command: changeWallpaper} @ chrome-extension://eeagobfjdenkkddmbclomhiblgggliao/CtrlEm%20DB%20by%20Strateg.user.js#3:2280
[  253850ms] [INFO] [CtrlEm DB] Auto-send interval changed {seconds: 61} @ chrome-extension://eeagobfjdenkkddmbclomhiblgggliao/CtrlEm%20DB%20by%20Strateg.user.js#3:2280
[  253852ms] [INFO] [CtrlEm DB] DB state saved {reason: auto-send interval changed, summary: Object} @ chrome-extension://eeagobfjdenkkddmbclomhiblgggliao/CtrlEm%20DB%20by%20Strateg.user.js#3:2280
[  253853ms] [INFO] [CtrlEm DB] Text picker mounted {command: openPage, type: links, selector: #val-openPage, summary: Object} @ chrome-extension://eeagobfjdenkkddmbclomhiblgggliao/CtrlEm%20DB%20by%20Strateg.user.js#3:2280
[  253853ms] [INFO] [CtrlEm DB] Text picker mounted {command: sendMessage, type: text, selector: #val-sendMessage, summary: Object} @ chrome-extension://eeagobfjdenkkddmbclomhiblgggliao/CtrlEm%20DB%20by%20Strateg.user.js#3:2280
[  253854ms] [INFO] [CtrlEm DB] Text picker mounted {command: writeForMe, type: text, selector: #val-writeForMe-text, summary: Object} @ chrome-extension://eeagobfjdenkkddmbclomhiblgggliao/CtrlEm%20DB%20by%20Strateg.user.js#3:2280
[  253855ms] [INFO] [CtrlEm DB] Text picker mounted {command: videoOverlay, type: video, selector: #val-videoOverlay, summary: Object} @ chrome-extension://eeagobfjdenkkddmbclomhiblgggliao/CtrlEm%20DB%20by%20Strateg.user.js#3:2280
[  253855ms] [INFO] [CtrlEm DB] Text picker mounted {command: popupSound, type: sound, selector: #val-popupSound, summary: Object} @ chrome-extension://eeagobfjdenkkddmbclomhiblgggliao/CtrlEm%20DB%20by%20Strateg.user.js#3:2280
[  253858ms] [INFO] [CtrlEm DB] Default fallback {command: popupImage} @ chrome-extension://eeagobfjdenkkddmbclomhiblgggliao/CtrlEm%20DB%20by%20Strateg.user.js#3:2280
[  253858ms] [INFO] [CtrlEm DB] Default fallback {command: changeWallpaper} @ chrome-extension://eeagobfjdenkkddmbclomhiblgggliao/CtrlEm%20DB%20by%20Strateg.user.js#3:2280
[  256587ms] [INFO] [CtrlEm DB] Auto-send interval changed {seconds: 3} @ chrome-extension://eeagobfjdenkkddmbclomhiblgggliao/CtrlEm%20DB%20by%20Strateg.user.js#3:2280
[  256588ms] [INFO] [CtrlEm DB] DB state saved {reason: auto-send interval changed, summary: Object} @ chrome-extension://eeagobfjdenkkddmbclomhiblgggliao/CtrlEm%20DB%20by%20Strateg.user.js#3:2280
[  256589ms] [INFO] [CtrlEm DB] Text picker mounted {command: openPage, type: links, selector: #val-openPage, summary: Object} @ chrome-extension://eeagobfjdenkkddmbclomhiblgggliao/CtrlEm%20DB%20by%20Strateg.user.js#3:2280
[  256590ms] [INFO] [CtrlEm DB] Text picker mounted {command: sendMessage, type: text, selector: #val-sendMessage, summary: Object} @ chrome-extension://eeagobfjdenkkddmbclomhiblgggliao/CtrlEm%20DB%20by%20Strateg.user.js#3:2280
[  256591ms] [INFO] [CtrlEm DB] Text picker mounted {command: writeForMe, type: text, selector: #val-writeForMe-text, summary: Object} @ chrome-extension://eeagobfjdenkkddmbclomhiblgggliao/CtrlEm%20DB%20by%20Strateg.user.js#3:2280
[  256592ms] [INFO] [CtrlEm DB] Text picker mounted {command: videoOverlay, type: video, selector: #val-videoOverlay, summary: Object} @ chrome-extension://eeagobfjdenkkddmbclomhiblgggliao/CtrlEm%20DB%20by%20Strateg.user.js#3:2280
[  256592ms] [INFO] [CtrlEm DB] Text picker mounted {command: popupSound, type: sound, selector: #val-popupSound, summary: Object} @ chrome-extension://eeagobfjdenkkddmbclomhiblgggliao/CtrlEm%20DB%20by%20Strateg.user.js#3:2280
[  256598ms] [INFO] [CtrlEm DB] Default fallback {command: popupImage} @ chrome-extension://eeagobfjdenkkddmbclomhiblgggliao/CtrlEm%20DB%20by%20Strateg.user.js#3:2280
[  256598ms] [INFO] [CtrlEm DB] Default fallback {command: changeWallpaper} @ chrome-extension://eeagobfjdenkkddmbclomhiblgggliao/CtrlEm%20DB%20by%20Strateg.user.js#3:2280
[  258138ms] [ERROR] Failed to load resource: net::ERR_BLOCKED_BY_CLIENT @ https://static.cloudflareinsights.com/beacon.min.js/v833ccba57c9e4d2798f2e76cebdd09a11778172276447:0
[  258267ms] [INFO] [CtrlEm DB] DB state loaded {links: Object, text: Object, image: Object, sound: Object, video: Object} @ chrome-extension://eeagobfjdenkkddmbclomhiblgggliao/CtrlEm%20DB%20by%20Strateg.user.js#3:2280
[  258267ms] [INFO] [CtrlEm DB] Script started {href: https://ctrlem.com/u/KPD0M, summary: Object} @ chrome-extension://eeagobfjdenkkddmbclomhiblgggliao/CtrlEm%20DB%20by%20Strateg.user.js#3:2280
[  258270ms] [INFO] [CtrlEm DB] DB button mounted {selector: .panel--commands .panel-head} @ chrome-extension://eeagobfjdenkkddmbclomhiblgggliao/CtrlEm%20DB%20by%20Strateg.user.js#3:2280
[  258271ms] [INFO] [CtrlEm DB] Text picker mounted {command: openPage, type: links, selector: #val-openPage, summary: Object} @ chrome-extension://eeagobfjdenkkddmbclomhiblgggliao/CtrlEm%20DB%20by%20Strateg.user.js#3:2280
[  258272ms] [INFO] [CtrlEm DB] Text picker mounted {command: sendMessage, type: text, selector: #val-sendMessage, summary: Object} @ chrome-extension://eeagobfjdenkkddmbclomhiblgggliao/CtrlEm%20DB%20by%20Strateg.user.js#3:2280
[  258273ms] [INFO] [CtrlEm DB] Text picker mounted {command: writeForMe, type: text, selector: #val-writeForMe-text, summary: Object} @ chrome-extension://eeagobfjdenkkddmbclomhiblgggliao/CtrlEm%20DB%20by%20Strateg.user.js#3:2280
[  258274ms] [INFO] [CtrlEm DB] Text picker mounted {command: videoOverlay, type: video, selector: #val-videoOverlay, summary: Object} @ chrome-extension://eeagobfjdenkkddmbclomhiblgggliao/CtrlEm%20DB%20by%20Strateg.user.js#3:2280
[  258275ms] [INFO] [CtrlEm DB] Text picker mounted {command: popupSound, type: sound, selector: #val-popupSound, summary: Object} @ chrome-extension://eeagobfjdenkkddmbclomhiblgggliao/CtrlEm%20DB%20by%20Strateg.user.js#3:2280
[  258275ms] [INFO] [CtrlEm DB] Site media UI hidden {command: popupImage, count: 1} @ chrome-extension://eeagobfjdenkkddmbclomhiblgggliao/CtrlEm%20DB%20by%20Strateg.user.js#3:2280
[  258279ms] [INFO] [CtrlEm DB] Site media UI hidden {command: changeWallpaper, count: 1} @ chrome-extension://eeagobfjdenkkddmbclomhiblgggliao/CtrlEm%20DB%20by%20Strateg.user.js#3:2280
[  258282ms] [INFO] [CtrlEm DB] Upload panel mounted {command: popupImage, tools: Array(2), native: true} @ chrome-extension://eeagobfjdenkkddmbclomhiblgggliao/CtrlEm%20DB%20by%20Strateg.user.js#3:2280
[  258283ms] [INFO] [CtrlEm DB] Upload panel mounted {command: changeWallpaper, tools: Array(2), native: true} @ chrome-extension://eeagobfjdenkkddmbclomhiblgggliao/CtrlEm%20DB%20by%20Strateg.user.js#3:2280
[  258284ms] [INFO] [CtrlEm DB] Upload panel mounted {command: popupSound, tools: Array(1), native: true} @ chrome-extension://eeagobfjdenkkddmbclomhiblgggliao/CtrlEm%20DB%20by%20Strateg.user.js#3:2280
[  258284ms] [INFO] [CtrlEm DB] Upload panel mounted {command: videoOverlay, tools: Array(2), native: false} @ chrome-extension://eeagobfjdenkkddmbclomhiblgggliao/CtrlEm%20DB%20by%20Strateg.user.js#3:2280
[  258285ms] [INFO] [CtrlEm DB] Text item selected {command: sendMessage, type: text, category: Hello, length: 31} @ chrome-extension://eeagobfjdenkkddmbclomhiblgggliao/CtrlEm%20DB%20by%20Strateg.user.js#3:2280
[  258286ms] [INFO] [CtrlEm DB] Auto-send controls mounted @ chrome-extension://eeagobfjdenkkddmbclomhiblgggliao/CtrlEm%20DB%20by%20Strateg.user.js#3:2277
[  258412ms] [INFO] [CtrlEm DB] Default fallback {command: popupImage} @ chrome-extension://eeagobfjdenkkddmbclomhiblgggliao/CtrlEm%20DB%20by%20Strateg.user.js#3:2280
[  258413ms] [INFO] [CtrlEm DB] Default fallback {command: changeWallpaper} @ chrome-extension://eeagobfjdenkkddmbclomhiblgggliao/CtrlEm%20DB%20by%20Strateg.user.js#3:2280
[  258414ms] [INFO] [CtrlEm DB] Media picker mounted {command: popupImage, type: image, categories: 19, items: 244} @ chrome-extension://eeagobfjdenkkddmbclomhiblgggliao/CtrlEm%20DB%20by%20Strateg.user.js#3:2280
[  258415ms] [INFO] [CtrlEm DB] Media picker mounted {command: changeWallpaper, type: image, categories: 19, items: 244} @ chrome-extension://eeagobfjdenkkddmbclomhiblgggliao/CtrlEm%20DB%20by%20Strateg.user.js#3:2280
[  258537ms] [INFO] [CtrlEm DB] Media selected {command: popupImage, type: image, category: Girls 2D, url: https://i.ibb.co/JW84fDJH/popup-1778972370623.png} @ chrome-extension://eeagobfjdenkkddmbclomhiblgggliao/CtrlEm%20DB%20by%20Strateg.user.js#3:2280
