[     509ms] [ERROR] Failed to load resource: net::ERR_BLOCKED_BY_CLIENT @ https://static.cloudflareinsights.com/beacon.min.js/v833ccba57c9e4d2798f2e76cebdd09a11778172276447:0
[     772ms] [INFO] [CtrlEm DB] DB state loaded {links: Object, text: Object, image: Object, sound: Object, video: Object} @ chrome-extension://liilgpjgabokdklappibcjfablkpcekh/CtrlEm%20DB%20by%20Strateg.user.js:2769
[     773ms] [INFO] [CtrlEm DB] Script started {href: https://ctrlem.com/u/KPD0M, summary: Object} @ chrome-extension://liilgpjgabokdklappibcjfablkpcekh/CtrlEm%20DB%20by%20Strateg.user.js:2769
[     782ms] [INFO] [CtrlEm DB] DB button mounted {selector: .panel--commands .panel-head} @ chrome-extension://liilgpjgabokdklappibcjfablkpcekh/CtrlEm%20DB%20by%20Strateg.user.js:2769
[     788ms] [INFO] [CtrlEm DB] Text picker mounted {command: openPage, type: links, selector: #val-openPage, summary: Object} @ chrome-extension://liilgpjgabokdklappibcjfablkpcekh/CtrlEm%20DB%20by%20Strateg.user.js:2769
[     790ms] [INFO] [CtrlEm DB] Text picker mounted {command: sendMessage, type: text, selector: #val-sendMessage, summary: Object} @ chrome-extension://liilgpjgabokdklappibcjfablkpcekh/CtrlEm%20DB%20by%20Strateg.user.js:2769
[     792ms] [INFO] [CtrlEm DB] Text picker mounted {command: writeForMe, type: text, selector: #val-writeForMe-text, summary: Object} @ chrome-extension://liilgpjgabokdklappibcjfablkpcekh/CtrlEm%20DB%20by%20Strateg.user.js:2769
[     794ms] [INFO] [CtrlEm DB] Text picker mounted {command: videoOverlay, type: video, selector: #val-videoOverlay, summary: Object} @ chrome-extension://liilgpjgabokdklappibcjfablkpcekh/CtrlEm%20DB%20by%20Strateg.user.js:2769
[     795ms] [INFO] [CtrlEm DB] Text picker mounted {command: popupSound, type: sound, selector: #val-popupSound, summary: Object} @ chrome-extension://liilgpjgabokdklappibcjfablkpcekh/CtrlEm%20DB%20by%20Strateg.user.js:2769
[     796ms] [INFO] [CtrlEm DB] Site media UI hidden {command: popupImage, count: 1} @ chrome-extension://liilgpjgabokdklappibcjfablkpcekh/CtrlEm%20DB%20by%20Strateg.user.js:2769
[     804ms] [INFO] [CtrlEm DB] Site media UI hidden {command: changeWallpaper, count: 1} @ chrome-extension://liilgpjgabokdklappibcjfablkpcekh/CtrlEm%20DB%20by%20Strateg.user.js:2769
[     813ms] [INFO] [CtrlEm DB] Upload panel mounted {command: popupImage, tools: Array(2), native: true} @ chrome-extension://liilgpjgabokdklappibcjfablkpcekh/CtrlEm%20DB%20by%20Strateg.user.js:2769
[     814ms] [INFO] [CtrlEm DB] Upload panel mounted {command: changeWallpaper, tools: Array(2), native: true} @ chrome-extension://liilgpjgabokdklappibcjfablkpcekh/CtrlEm%20DB%20by%20Strateg.user.js:2769
[     816ms] [INFO] [CtrlEm DB] Upload panel mounted {command: popupSound, tools: Array(1), native: true} @ chrome-extension://liilgpjgabokdklappibcjfablkpcekh/CtrlEm%20DB%20by%20Strateg.user.js:2769
[     818ms] [INFO] [CtrlEm DB] Upload panel mounted {command: videoOverlay, tools: Array(2), native: false} @ chrome-extension://liilgpjgabokdklappibcjfablkpcekh/CtrlEm%20DB%20by%20Strateg.user.js:2769
[     822ms] [INFO] [CtrlEm DB] Auto-send controls mounted @ chrome-extension://liilgpjgabokdklappibcjfablkpcekh/CtrlEm%20DB%20by%20Strateg.user.js:2766
[    1004ms] [INFO] [CtrlEm DB] Default fallback {command: popupImage} @ chrome-extension://liilgpjgabokdklappibcjfablkpcekh/CtrlEm%20DB%20by%20Strateg.user.js:2769
[    1005ms] [INFO] [CtrlEm DB] Default fallback {command: changeWallpaper} @ chrome-extension://liilgpjgabokdklappibcjfablkpcekh/CtrlEm%20DB%20by%20Strateg.user.js:2769
[    1013ms] [INFO] [CtrlEm DB] Media picker mounted {command: popupImage, type: image, categories: 19, items: 178} @ chrome-extension://liilgpjgabokdklappibcjfablkpcekh/CtrlEm%20DB%20by%20Strateg.user.js:2769
[    1018ms] [INFO] [CtrlEm DB] Media picker mounted {command: changeWallpaper, type: image, categories: 19, items: 178} @ chrome-extension://liilgpjgabokdklappibcjfablkpcekh/CtrlEm%20DB%20by%20Strateg.user.js:2769
[    1020ms] [INFO] Images loaded lazily and replaced with placeholders. Load events are deferred. See https://go.microsoft.com/fwlink/?linkid=2048113 @ https://ctrlem.com/u/KPD0M:0
[   81343ms] [INFO] [CtrlEm DB] Media category changed {command: popupImage, type: image, category: Lips One} @ chrome-extension://liilgpjgabokdklappibcjfablkpcekh/CtrlEm%20DB%20by%20Strateg.user.js:2769
[  111844ms] [INFO] [CtrlEm DB] Text item selected {command: sendMessage, type: text, category: Hello, length: 31} @ chrome-extension://liilgpjgabokdklappibcjfablkpcekh/CtrlEm%20DB%20by%20Strateg.user.js:2769
[  111862ms] [INFO] [CtrlEm DB] Auto-send queued {command: sendMessage, type: text, category: Hello, pageCode: KPD0M, items: 6} @ chrome-extension://liilgpjgabokdklappibcjfablkpcekh/CtrlEm%20DB%20by%20Strateg.user.js:2769
[  111872ms] [INFO] [CtrlEm DB] Text item selected {command: sendMessage, type: text, category: Hello, length: 31} @ chrome-extension://liilgpjgabokdklappibcjfablkpcekh/CtrlEm%20DB%20by%20Strateg.user.js:2769
[  111877ms] [INFO] [CtrlEm DB] Text item selected {command: sendMessage, type: text, category: Hello, length: 31} @ chrome-extension://liilgpjgabokdklappibcjfablkpcekh/CtrlEm%20DB%20by%20Strateg.user.js:2769
[  114923ms] [INFO] [CtrlEm DB] Text item selected {command: sendMessage, type: text, category: Hello, length: 23} @ chrome-extension://liilgpjgabokdklappibcjfablkpcekh/CtrlEm%20DB%20by%20Strateg.user.js:2769
[  117939ms] [INFO] [CtrlEm DB] Text item selected {command: sendMessage, type: text, category: Hello, length: 50} @ chrome-extension://liilgpjgabokdklappibcjfablkpcekh/CtrlEm%20DB%20by%20Strateg.user.js:2769
[  121154ms] [INFO] [CtrlEm DB] Text item selected {command: sendMessage, type: text, category: Hello, length: 45} @ chrome-extension://liilgpjgabokdklappibcjfablkpcekh/CtrlEm%20DB%20by%20Strateg.user.js:2769
[  124450ms] [INFO] [CtrlEm DB] Text item selected {command: sendMessage, type: text, category: Hello, length: 41} @ chrome-extension://liilgpjgabokdklappibcjfablkpcekh/CtrlEm%20DB%20by%20Strateg.user.js:2769
[  127532ms] [INFO] [CtrlEm DB] Text item selected {command: sendMessage, type: text, category: Hello, length: 36} @ chrome-extension://liilgpjgabokdklappibcjfablkpcekh/CtrlEm%20DB%20by%20Strateg.user.js:2769
[  130568ms] [INFO] [CtrlEm DB] Text item selected {command: sendMessage, type: text, category: Hello, length: 31} @ chrome-extension://liilgpjgabokdklappibcjfablkpcekh/CtrlEm%20DB%20by%20Strateg.user.js:2769
[  133676ms] [INFO] [CtrlEm DB] Text item selected {command: sendMessage, type: text, category: Hello, length: 23} @ chrome-extension://liilgpjgabokdklappibcjfablkpcekh/CtrlEm%20DB%20by%20Strateg.user.js:2769
[  134916ms] [INFO] [CtrlEm DB] Auto-send stopped {command: sendMessage, reason: stopped all} @ chrome-extension://liilgpjgabokdklappibcjfablkpcekh/CtrlEm%20DB%20by%20Strateg.user.js:2769
[  218221ms] [INFO] [CtrlEm DB] Text item selected {command: sendMessage, type: text, category: Hello, length: 31} @ chrome-extension://liilgpjgabokdklappibcjfablkpcekh/CtrlEm%20DB%20by%20Strateg.user.js:2769
[  220359ms] [INFO] [CtrlEm DB] Text item selected {command: sendMessage, type: text, category: Hello, length: 31} @ chrome-extension://liilgpjgabokdklappibcjfablkpcekh/CtrlEm%20DB%20by%20Strateg.user.js:2769
[  220360ms] [INFO] [CtrlEm DB] Auto-send queued {command: sendMessage, type: text, category: Hello, pageCode: KPD0M, items: 6} @ chrome-extension://liilgpjgabokdklappibcjfablkpcekh/CtrlEm%20DB%20by%20Strateg.user.js:2769
[  220364ms] [INFO] [CtrlEm DB] Text item selected {command: sendMessage, type: text, category: Hello, length: 31} @ chrome-extension://liilgpjgabokdklappibcjfablkpcekh/CtrlEm%20DB%20by%20Strateg.user.js:2769
[  220364ms] [INFO] [CtrlEm DB] Text item selected {command: sendMessage, type: text, category: Hello, length: 31} @ chrome-extension://liilgpjgabokdklappibcjfablkpcekh/CtrlEm%20DB%20by%20Strateg.user.js:2769
[  223443ms] [INFO] [CtrlEm DB] Text item selected {command: sendMessage, type: text, category: Hello, length: 23} @ chrome-extension://liilgpjgabokdklappibcjfablkpcekh/CtrlEm%20DB%20by%20Strateg.user.js:2769
[  226460ms] [INFO] [CtrlEm DB] Text item selected {command: sendMessage, type: text, category: Hello, length: 50} @ chrome-extension://liilgpjgabokdklappibcjfablkpcekh/CtrlEm%20DB%20by%20Strateg.user.js:2769
[  229781ms] [INFO] [CtrlEm DB] Text item selected {command: sendMessage, type: text, category: Hello, length: 45} @ chrome-extension://liilgpjgabokdklappibcjfablkpcekh/CtrlEm%20DB%20by%20Strateg.user.js:2769
[  232906ms] [INFO] [CtrlEm DB] Text item selected {command: sendMessage, type: text, category: Hello, length: 41} @ chrome-extension://liilgpjgabokdklappibcjfablkpcekh/CtrlEm%20DB%20by%20Strateg.user.js:2769
[  235578ms] [INFO] [CtrlEm DB] Auto-send stopped {command: sendMessage, reason: stopped} @ chrome-extension://liilgpjgabokdklappibcjfablkpcekh/CtrlEm%20DB%20by%20Strateg.user.js:2769
[  369437ms] [INFO] [CtrlEm DB] Text item selected {command: sendMessage, type: text, category: Hello, length: 41} @ chrome-extension://liilgpjgabokdklappibcjfablkpcekh/CtrlEm%20DB%20by%20Strateg.user.js:2769
[  372586ms] [INFO] [CtrlEm DB] Text item selected {command: sendMessage, type: text, category: Hello, length: 41} @ chrome-extension://liilgpjgabokdklappibcjfablkpcekh/CtrlEm%20DB%20by%20Strateg.user.js:2769
[  375614ms] [INFO] [CtrlEm DB] Text item selected {command: sendMessage, type: text, category: Hello, length: 36} @ chrome-extension://liilgpjgabokdklappibcjfablkpcekh/CtrlEm%20DB%20by%20Strateg.user.js:2769
[  378662ms] [INFO] [CtrlEm DB] Text item selected {command: sendMessage, type: text, category: Hello, length: 31} @ chrome-extension://liilgpjgabokdklappibcjfablkpcekh/CtrlEm%20DB%20by%20Strateg.user.js:2769
[  391643ms] [INFO] [CtrlEm DB] Auto-send stopped {command: sendMessage, reason: removed from queue} @ chrome-extension://liilgpjgabokdklappibcjfablkpcekh/CtrlEm%20DB%20by%20Strateg.user.js:2769
[  499547ms] [INFO] [CtrlEm DB] Text item selected {command: sendMessage, type: text, category: Hello, length: 50} @ chrome-extension://liilgpjgabokdklappibcjfablkpcekh/CtrlEm%20DB%20by%20Strateg.user.js:2769
[  509039ms] [INFO] [CtrlEm DB] Text item selected {command: sendMessage, type: text, category: Hello, length: 50} @ chrome-extension://liilgpjgabokdklappibcjfablkpcekh/CtrlEm%20DB%20by%20Strateg.user.js:2769
[  513851ms] [INFO] [CtrlEm DB] Auto-send stopped {command: sendMessage, reason: removed from queue} @ chrome-extension://liilgpjgabokdklappibcjfablkpcekh/CtrlEm%20DB%20by%20Strateg.user.js:2769
